c:\documents and settings\adminnus\desktop\book_algorithm_1\book_algorithm_1\debug\book_algorithm_1.pch
c:\documents and settings\adminnus\desktop\book_algorithm_1\book_algorithm_1\debug\stdafx.obj
c:\documents and settings\adminnus\desktop\book_algorithm_1\book_algorithm_1\debug\vc100.pdb
c:\documents and settings\adminnus\desktop\book_algorithm_1\book_algorithm_1\debug\book_algorithm_1.obj
c:\documents and settings\adminnus\desktop\book_algorithm_3\book_algorithm_1\debug\book_algorithm_3.pch
c:\documents and settings\adminnus\desktop\book_algorithm_3\book_algorithm_1\debug\stdafx.obj
c:\documents and settings\adminnus\desktop\book_algorithm_3\book_algorithm_1\debug\vc100.pdb
c:\documents and settings\adminnus\desktop\book_algorithm_3\book_algorithm_1\debug\book_algorithm_3.obj
c:\documents and settings\adminnus\desktop\book_algorithm_4\book_algorithm_1\debug\book_algorithm_4.pch
c:\documents and settings\adminnus\desktop\book_algorithm_4\book_algorithm_1\debug\stdafx.obj
c:\documents and settings\adminnus\desktop\book_algorithm_4\book_algorithm_1\debug\vc100.pdb
c:\documents and settings\adminnus\desktop\book_algorithm_4\book_algorithm_1\debug\book_algorithm_4.obj
d:\fyp\book_algorithm_4\book_algorithm_1\debug\book_algorithm_4.pch
d:\fyp\book_algorithm_4\book_algorithm_1\debug\stdafx.obj
d:\fyp\book_algorithm_4\book_algorithm_1\debug\vc100.pdb
d:\fyp\book_algorithm_4\book_algorithm_1\debug\book_algorithm_4.obj
d:\fyp\parking_detection_sample\book_algorithm_1\debug\book_algorithm_4.pch
d:\fyp\parking_detection_sample\book_algorithm_1\debug\stdafx.obj
d:\fyp\parking_detection_sample\book_algorithm_1\debug\vc100.pdb
d:\fyp\parking_detection_sample\book_algorithm_1\debug\book_algorithm_4.obj
d:\fyp\copy of parking_detection_sample\book_algorithm_1\debug\book_algorithm_4.pch
d:\fyp\copy of parking_detection_sample\book_algorithm_1\debug\stdafx.obj
d:\fyp\copy of parking_detection_sample\book_algorithm_1\debug\vc100.pdb
d:\fyp\copy of parking_detection_sample\book_algorithm_1\debug\book_algorithm_4.obj
d:\fyp\parking_detection_sample_2\book_algorithm_1\debug\book_algorithm_4.pch
d:\fyp\parking_detection_sample_2\book_algorithm_1\debug\stdafx.obj
d:\fyp\parking_detection_sample_2\book_algorithm_1\debug\vc100.pdb
d:\fyp\parking_detection_sample_2\book_algorithm_1\debug\book_algorithm_4.obj
d:\fyp\parking_detection_sample_3\book_algorithm_1\debug\book_algorithm_4.pch
d:\fyp\parking_detection_sample_3\book_algorithm_1\debug\stdafx.obj
d:\fyp\parking_detection_sample_3\book_algorithm_1\debug\vc100.pdb
d:\fyp\parking_detection_sample_3\book_algorithm_1\debug\book_algorithm_4.obj
d:\fyp\parking_detection_sample_4\book_algorithm_1\debug\book_algorithm_4.pch
d:\fyp\parking_detection_sample_4\book_algorithm_1\debug\stdafx.obj
d:\fyp\parking_detection_sample_4\book_algorithm_1\debug\vc100.pdb
d:\fyp\parking_detection_sample_4\book_algorithm_1\debug\book_algorithm_4.obj
h:\fyp\parking_detection_sample_4\book_algorithm_1\debug\book_algorithm_4.pch
h:\fyp\parking_detection_sample_4\book_algorithm_1\debug\stdafx.obj
h:\fyp\parking_detection_sample_4\book_algorithm_1\debug\vc100.pdb
h:\fyp\parking_detection_sample_4\book_algorithm_1\debug\book_algorithm_4.obj
j:\fyp\parking_detection_sample_5\book_algorithm_1\debug\book_algorithm_4.pch
j:\fyp\parking_detection_sample_5\book_algorithm_1\debug\stdafx.obj
j:\fyp\parking_detection_sample_5\book_algorithm_1\debug\vc100.pdb
j:\fyp\parking_detection_sample_5\book_algorithm_1\debug\book_algorithm_4.obj
d:\fyp\parking_detection_sample_5\book_algorithm_1\debug\book_algorithm_4.pch
d:\fyp\parking_detection_sample_5\book_algorithm_1\debug\stdafx.obj
d:\fyp\parking_detection_sample_5\book_algorithm_1\debug\vc100.pdb
d:\fyp\parking_detection_sample_5\book_algorithm_1\debug\book_algorithm_4.obj
d:\fyp\parking_detection_sample_6\book_algorithm_1\debug\book_algorithm_4.pch
d:\fyp\parking_detection_sample_6\book_algorithm_1\debug\stdafx.obj
d:\fyp\parking_detection_sample_6\book_algorithm_1\debug\vc100.pdb
d:\fyp\parking_detection_sample_6\book_algorithm_1\debug\book_algorithm_4.obj
d:\fyp\parking_detection_sample_7\book_algorithm_1\debug\illegal_parking_detection.pch
d:\fyp\parking_detection_sample_7\book_algorithm_1\debug\stdafx.obj
d:\fyp\parking_detection_sample_7\book_algorithm_1\debug\vc100.pdb
d:\fyp\parking_detection_sample_7\book_algorithm_1\debug\illegal_parking_detection.obj
c:\documents and settings\adminnus\desktop\book_algorithm_1\debug\book_algorithm_1.ilk
c:\documents and settings\adminnus\desktop\book_algorithm_1\debug\book_algorithm_1.exe
c:\documents and settings\adminnus\desktop\book_algorithm_1\book_algorithm_1\debug\book_algorithm_1.exe.intermediate.manifest
c:\documents and settings\adminnus\desktop\book_algorithm_1\debug\book_algorithm_1.pdb
c:\documents and settings\adminnus\desktop\book_algorithm_3\debug\book_algorithm_3.ilk
c:\documents and settings\adminnus\desktop\book_algorithm_3\debug\book_algorithm_3.exe
c:\documents and settings\adminnus\desktop\book_algorithm_3\book_algorithm_1\debug\book_algorithm_3.exe.intermediate.manifest
c:\documents and settings\adminnus\desktop\book_algorithm_3\debug\book_algorithm_3.pdb
c:\documents and settings\adminnus\desktop\book_algorithm_4\debug\book_algorithm_4.ilk
c:\documents and settings\adminnus\desktop\book_algorithm_4\debug\book_algorithm_4.exe
c:\documents and settings\adminnus\desktop\book_algorithm_4\book_algorithm_1\debug\book_algorithm_4.exe.intermediate.manifest
c:\documents and settings\adminnus\desktop\book_algorithm_4\debug\book_algorithm_4.pdb
d:\fyp\book_algorithm_4\debug\book_algorithm_4.ilk
d:\fyp\book_algorithm_4\debug\book_algorithm_4.exe
d:\fyp\book_algorithm_4\book_algorithm_1\debug\book_algorithm_4.exe.intermediate.manifest
d:\fyp\book_algorithm_4\debug\book_algorithm_4.pdb
d:\fyp\parking_detection_sample\debug\book_algorithm_4.ilk
d:\fyp\parking_detection_sample\debug\book_algorithm_4.exe
d:\fyp\parking_detection_sample\book_algorithm_1\debug\book_algorithm_4.exe.intermediate.manifest
d:\fyp\parking_detection_sample\debug\book_algorithm_4.pdb
d:\fyp\copy of parking_detection_sample\debug\book_algorithm_4.ilk
d:\fyp\copy of parking_detection_sample\debug\book_algorithm_4.exe
d:\fyp\copy of parking_detection_sample\book_algorithm_1\debug\book_algorithm_4.exe.intermediate.manifest
d:\fyp\copy of parking_detection_sample\debug\book_algorithm_4.pdb
d:\fyp\parking_detection_sample_2\debug\book_algorithm_4.ilk
d:\fyp\parking_detection_sample_2\debug\book_algorithm_4.exe
d:\fyp\parking_detection_sample_2\book_algorithm_1\debug\book_algorithm_4.exe.intermediate.manifest
d:\fyp\parking_detection_sample_2\debug\book_algorithm_4.pdb
d:\fyp\parking_detection_sample_3\debug\book_algorithm_4.ilk
d:\fyp\parking_detection_sample_3\debug\book_algorithm_4.exe
d:\fyp\parking_detection_sample_3\book_algorithm_1\debug\book_algorithm_4.exe.intermediate.manifest
d:\fyp\parking_detection_sample_3\debug\book_algorithm_4.pdb
d:\fyp\parking_detection_sample_4\debug\book_algorithm_4.ilk
d:\fyp\parking_detection_sample_4\debug\book_algorithm_4.exe
d:\fyp\parking_detection_sample_4\book_algorithm_1\debug\book_algorithm_4.exe.intermediate.manifest
d:\fyp\parking_detection_sample_4\debug\book_algorithm_4.pdb
h:\fyp\parking_detection_sample_4\debug\book_algorithm_4.ilk
h:\fyp\parking_detection_sample_4\debug\book_algorithm_4.exe
h:\fyp\parking_detection_sample_4\book_algorithm_1\debug\book_algorithm_4.exe.intermediate.manifest
h:\fyp\parking_detection_sample_4\debug\book_algorithm_4.pdb
j:\fyp\parking_detection_sample_5\debug\book_algorithm_4.ilk
j:\fyp\parking_detection_sample_5\debug\book_algorithm_4.exe
j:\fyp\parking_detection_sample_5\book_algorithm_1\debug\book_algorithm_4.exe.intermediate.manifest
j:\fyp\parking_detection_sample_5\debug\book_algorithm_4.pdb
d:\fyp\parking_detection_sample_5\debug\book_algorithm_4.ilk
d:\fyp\parking_detection_sample_5\debug\book_algorithm_4.exe
d:\fyp\parking_detection_sample_5\book_algorithm_1\debug\book_algorithm_4.exe.intermediate.manifest
d:\fyp\parking_detection_sample_5\debug\book_algorithm_4.pdb
d:\fyp\parking_detection_sample_6\debug\book_algorithm_4.ilk
d:\fyp\parking_detection_sample_6\debug\book_algorithm_4.exe
d:\fyp\parking_detection_sample_6\book_algorithm_1\debug\book_algorithm_4.exe.intermediate.manifest
d:\fyp\parking_detection_sample_6\debug\book_algorithm_4.pdb
d:\fyp\parking_detection_sample_7\debug\illegal_parking_detection.ilk
d:\fyp\parking_detection_sample_7\debug\illegal_parking_detection.exe
d:\fyp\parking_detection_sample_7\book_algorithm_1\debug\illegal_parking_detection.exe.intermediate.manifest
d:\fyp\parking_detection_sample_7\debug\illegal_parking_detection.pdb
c:\documents and settings\adminnus\desktop\book_algorithm_1\book_algorithm_1\debug\book_algorithm_1.exe.embed.manifest
c:\documents and settings\adminnus\desktop\book_algorithm_3\book_algorithm_1\debug\book_algorithm_3.exe.embed.manifest
c:\documents and settings\adminnus\desktop\book_algorithm_4\book_algorithm_1\debug\book_algorithm_4.exe.embed.manifest
d:\fyp\parking_detection_sample_7\book_algorithm_1\debug\illegal_parking_detection.exe.embed.manifest
c:\documents and settings\adminnus\desktop\book_algorithm_1\book_algorithm_1\debug\book_algorithm_1.exe.embed.manifest.res
c:\documents and settings\adminnus\desktop\book_algorithm_3\book_algorithm_1\debug\book_algorithm_3.exe.embed.manifest.res
c:\documents and settings\adminnus\desktop\book_algorithm_4\book_algorithm_1\debug\book_algorithm_4.exe.embed.manifest.res
d:\fyp\book_algorithm_4\book_algorithm_1\debug\book_algorithm_4.exe.embed.manifest.res
d:\fyp\parking_detection_sample\book_algorithm_1\debug\book_algorithm_4.exe.embed.manifest.res
d:\fyp\copy of parking_detection_sample\book_algorithm_1\debug\book_algorithm_4.exe.embed.manifest.res
d:\fyp\parking_detection_sample_2\book_algorithm_1\debug\book_algorithm_4.exe.embed.manifest.res
d:\fyp\parking_detection_sample_3\book_algorithm_1\debug\book_algorithm_4.exe.embed.manifest.res
d:\fyp\parking_detection_sample_4\book_algorithm_1\debug\book_algorithm_4.exe.embed.manifest.res
h:\fyp\parking_detection_sample_4\book_algorithm_1\debug\book_algorithm_4.exe.embed.manifest.res
j:\fyp\parking_detection_sample_5\book_algorithm_1\debug\book_algorithm_4.exe.embed.manifest.res
d:\fyp\parking_detection_sample_5\book_algorithm_1\debug\book_algorithm_4.exe.embed.manifest.res
d:\fyp\parking_detection_sample_6\book_algorithm_1\debug\book_algorithm_4.exe.embed.manifest.res
d:\fyp\parking_detection_sample_7\book_algorithm_1\debug\illegal_parking_detection.exe.embed.manifest.res
d:\mastercourses\jobs\portofolio\fyp\parking_detection_sample_7\book_algorithm_1\debug\illegal_parking_detection.pch
d:\mastercourses\jobs\portofolio\fyp\parking_detection_sample_7\book_algorithm_1\debug\vc140.pdb
d:\mastercourses\jobs\portofolio\fyp\parking_detection_sample_7\book_algorithm_1\debug\vc140.idb
d:\mastercourses\jobs\portofolio\fyp\parking_detection_sample_7\book_algorithm_1\debug\stdafx.obj
d:\mastercourses\jobs\portofolio\fyp\parking_detection_sample_7\book_algorithm_1\debug\illegal_parking_detection.obj
d:\mastercourses\jobs\portofolio\fyp\parking_detection_sample_7\book_algorithm_1\debug\book_algorithm_1.obj
d:\mastercourses\jobs\portofolio\fyp\parking_detection_sample_7\book_algorithm_1\debug\book_algorithm_3.obj
d:\mastercourses\jobs\portofolio\fyp\parking_detection_sample_7\book_algorithm_1\debug\book_algorithm_4.obj
d:\mastercourses\jobs\portofolio\fyp\parking_detection_sample_7\book_algorithm_1\debug\cl.command.1.tlog
d:\mastercourses\jobs\portofolio\fyp\parking_detection_sample_7\book_algorithm_1\debug\cl.read.1.tlog
d:\mastercourses\jobs\portofolio\fyp\parking_detection_sample_7\book_algorithm_1\debug\cl.write.1.tlog
d:\mastercourses\jobs\portofolio\fyp\parking_detection_sample_7\book_algorithm_1\debug\link-cvtres.read.1.tlog
d:\mastercourses\jobs\portofolio\fyp\parking_detection_sample_7\book_algorithm_1\debug\link-cvtres.write.1.tlog
d:\mastercourses\jobs\portofolio\fyp\parking_detection_sample_7\book_algorithm_1\debug\link.1164-cvtres.read.1.tlog
d:\mastercourses\jobs\portofolio\fyp\parking_detection_sample_7\book_algorithm_1\debug\link.1164-cvtres.write.1.tlog
d:\mastercourses\jobs\portofolio\fyp\parking_detection_sample_7\book_algorithm_1\debug\link.1164.read.1.tlog
d:\mastercourses\jobs\portofolio\fyp\parking_detection_sample_7\book_algorithm_1\debug\link.1164.write.1.tlog
d:\mastercourses\jobs\portofolio\fyp\parking_detection_sample_7\book_algorithm_1\debug\link.1284-cvtres.read.1.tlog
d:\mastercourses\jobs\portofolio\fyp\parking_detection_sample_7\book_algorithm_1\debug\link.1284-cvtres.write.1.tlog
d:\mastercourses\jobs\portofolio\fyp\parking_detection_sample_7\book_algorithm_1\debug\link.1284.read.1.tlog
d:\mastercourses\jobs\portofolio\fyp\parking_detection_sample_7\book_algorithm_1\debug\link.1284.write.1.tlog
d:\mastercourses\jobs\portofolio\fyp\parking_detection_sample_7\book_algorithm_1\debug\link.1388-cvtres.read.1.tlog
d:\mastercourses\jobs\portofolio\fyp\parking_detection_sample_7\book_algorithm_1\debug\link.1388-cvtres.write.1.tlog
d:\mastercourses\jobs\portofolio\fyp\parking_detection_sample_7\book_algorithm_1\debug\link.1388.read.1.tlog
d:\mastercourses\jobs\portofolio\fyp\parking_detection_sample_7\book_algorithm_1\debug\link.1388.write.1.tlog
d:\mastercourses\jobs\portofolio\fyp\parking_detection_sample_7\book_algorithm_1\debug\link.1872-cvtres.read.1.tlog
d:\mastercourses\jobs\portofolio\fyp\parking_detection_sample_7\book_algorithm_1\debug\link.1872-cvtres.write.1.tlog
d:\mastercourses\jobs\portofolio\fyp\parking_detection_sample_7\book_algorithm_1\debug\link.1872.read.1.tlog
d:\mastercourses\jobs\portofolio\fyp\parking_detection_sample_7\book_algorithm_1\debug\link.1872.write.1.tlog
d:\mastercourses\jobs\portofolio\fyp\parking_detection_sample_7\book_algorithm_1\debug\link.2064-cvtres.read.1.tlog
d:\mastercourses\jobs\portofolio\fyp\parking_detection_sample_7\book_algorithm_1\debug\link.2064-cvtres.write.1.tlog
d:\mastercourses\jobs\portofolio\fyp\parking_detection_sample_7\book_algorithm_1\debug\link.2064.read.1.tlog
d:\mastercourses\jobs\portofolio\fyp\parking_detection_sample_7\book_algorithm_1\debug\link.2064.write.1.tlog
d:\mastercourses\jobs\portofolio\fyp\parking_detection_sample_7\book_algorithm_1\debug\link.2368-cvtres.read.1.tlog
d:\mastercourses\jobs\portofolio\fyp\parking_detection_sample_7\book_algorithm_1\debug\link.2368-cvtres.write.1.tlog
d:\mastercourses\jobs\portofolio\fyp\parking_detection_sample_7\book_algorithm_1\debug\link.2368.read.1.tlog
d:\mastercourses\jobs\portofolio\fyp\parking_detection_sample_7\book_algorithm_1\debug\link.2368.write.1.tlog
d:\mastercourses\jobs\portofolio\fyp\parking_detection_sample_7\book_algorithm_1\debug\link.2400-cvtres.read.1.tlog
d:\mastercourses\jobs\portofolio\fyp\parking_detection_sample_7\book_algorithm_1\debug\link.2400-cvtres.write.1.tlog
d:\mastercourses\jobs\portofolio\fyp\parking_detection_sample_7\book_algorithm_1\debug\link.2400.read.1.tlog
d:\mastercourses\jobs\portofolio\fyp\parking_detection_sample_7\book_algorithm_1\debug\link.2400.write.1.tlog
d:\mastercourses\jobs\portofolio\fyp\parking_detection_sample_7\book_algorithm_1\debug\link.2408-cvtres.read.1.tlog
d:\mastercourses\jobs\portofolio\fyp\parking_detection_sample_7\book_algorithm_1\debug\link.2408-cvtres.write.1.tlog
d:\mastercourses\jobs\portofolio\fyp\parking_detection_sample_7\book_algorithm_1\debug\link.2408.read.1.tlog
d:\mastercourses\jobs\portofolio\fyp\parking_detection_sample_7\book_algorithm_1\debug\link.2408.write.1.tlog
d:\mastercourses\jobs\portofolio\fyp\parking_detection_sample_7\book_algorithm_1\debug\link.2516-cvtres.read.1.tlog
d:\mastercourses\jobs\portofolio\fyp\parking_detection_sample_7\book_algorithm_1\debug\link.2516-cvtres.write.1.tlog
d:\mastercourses\jobs\portofolio\fyp\parking_detection_sample_7\book_algorithm_1\debug\link.2516.read.1.tlog
d:\mastercourses\jobs\portofolio\fyp\parking_detection_sample_7\book_algorithm_1\debug\link.2516.write.1.tlog
d:\mastercourses\jobs\portofolio\fyp\parking_detection_sample_7\book_algorithm_1\debug\link.2620-cvtres.read.1.tlog
d:\mastercourses\jobs\portofolio\fyp\parking_detection_sample_7\book_algorithm_1\debug\link.2620-cvtres.write.1.tlog
d:\mastercourses\jobs\portofolio\fyp\parking_detection_sample_7\book_algorithm_1\debug\link.2620.read.1.tlog
d:\mastercourses\jobs\portofolio\fyp\parking_detection_sample_7\book_algorithm_1\debug\link.2620.write.1.tlog
d:\mastercourses\jobs\portofolio\fyp\parking_detection_sample_7\book_algorithm_1\debug\link.2624-cvtres.read.1.tlog
d:\mastercourses\jobs\portofolio\fyp\parking_detection_sample_7\book_algorithm_1\debug\link.2624-cvtres.write.1.tlog
d:\mastercourses\jobs\portofolio\fyp\parking_detection_sample_7\book_algorithm_1\debug\link.2624.read.1.tlog
d:\mastercourses\jobs\portofolio\fyp\parking_detection_sample_7\book_algorithm_1\debug\link.2624.write.1.tlog
d:\mastercourses\jobs\portofolio\fyp\parking_detection_sample_7\book_algorithm_1\debug\link.2928-cvtres.read.1.tlog
d:\mastercourses\jobs\portofolio\fyp\parking_detection_sample_7\book_algorithm_1\debug\link.2928-cvtres.write.1.tlog
d:\mastercourses\jobs\portofolio\fyp\parking_detection_sample_7\book_algorithm_1\debug\link.2928.read.1.tlog
d:\mastercourses\jobs\portofolio\fyp\parking_detection_sample_7\book_algorithm_1\debug\link.2928.write.1.tlog
d:\mastercourses\jobs\portofolio\fyp\parking_detection_sample_7\book_algorithm_1\debug\link.3088-cvtres.read.1.tlog
d:\mastercourses\jobs\portofolio\fyp\parking_detection_sample_7\book_algorithm_1\debug\link.3088-cvtres.write.1.tlog
d:\mastercourses\jobs\portofolio\fyp\parking_detection_sample_7\book_algorithm_1\debug\link.3088.read.1.tlog
d:\mastercourses\jobs\portofolio\fyp\parking_detection_sample_7\book_algorithm_1\debug\link.3088.write.1.tlog
d:\mastercourses\jobs\portofolio\fyp\parking_detection_sample_7\book_algorithm_1\debug\link.3236-cvtres.read.1.tlog
d:\mastercourses\jobs\portofolio\fyp\parking_detection_sample_7\book_algorithm_1\debug\link.3236-cvtres.write.1.tlog
d:\mastercourses\jobs\portofolio\fyp\parking_detection_sample_7\book_algorithm_1\debug\link.3236.read.1.tlog
d:\mastercourses\jobs\portofolio\fyp\parking_detection_sample_7\book_algorithm_1\debug\link.3236.write.1.tlog
d:\mastercourses\jobs\portofolio\fyp\parking_detection_sample_7\book_algorithm_1\debug\link.3272-cvtres.read.1.tlog
d:\mastercourses\jobs\portofolio\fyp\parking_detection_sample_7\book_algorithm_1\debug\link.3272-cvtres.write.1.tlog
d:\mastercourses\jobs\portofolio\fyp\parking_detection_sample_7\book_algorithm_1\debug\link.3272.read.1.tlog
d:\mastercourses\jobs\portofolio\fyp\parking_detection_sample_7\book_algorithm_1\debug\link.3272.write.1.tlog
d:\mastercourses\jobs\portofolio\fyp\parking_detection_sample_7\book_algorithm_1\debug\link.3296-cvtres.read.1.tlog
d:\mastercourses\jobs\portofolio\fyp\parking_detection_sample_7\book_algorithm_1\debug\link.3296-cvtres.write.1.tlog
d:\mastercourses\jobs\portofolio\fyp\parking_detection_sample_7\book_algorithm_1\debug\link.3296.read.1.tlog
d:\mastercourses\jobs\portofolio\fyp\parking_detection_sample_7\book_algorithm_1\debug\link.3296.write.1.tlog
d:\mastercourses\jobs\portofolio\fyp\parking_detection_sample_7\book_algorithm_1\debug\link.3332-cvtres.read.1.tlog
d:\mastercourses\jobs\portofolio\fyp\parking_detection_sample_7\book_algorithm_1\debug\link.3332-cvtres.write.1.tlog
d:\mastercourses\jobs\portofolio\fyp\parking_detection_sample_7\book_algorithm_1\debug\link.3332.read.1.tlog
d:\mastercourses\jobs\portofolio\fyp\parking_detection_sample_7\book_algorithm_1\debug\link.3332.write.1.tlog
d:\mastercourses\jobs\portofolio\fyp\parking_detection_sample_7\book_algorithm_1\debug\link.3472-cvtres.read.1.tlog
d:\mastercourses\jobs\portofolio\fyp\parking_detection_sample_7\book_algorithm_1\debug\link.3472-cvtres.write.1.tlog
d:\mastercourses\jobs\portofolio\fyp\parking_detection_sample_7\book_algorithm_1\debug\link.3472.read.1.tlog
d:\mastercourses\jobs\portofolio\fyp\parking_detection_sample_7\book_algorithm_1\debug\link.3472.write.1.tlog
d:\mastercourses\jobs\portofolio\fyp\parking_detection_sample_7\book_algorithm_1\debug\link.3576-cvtres.read.1.tlog
d:\mastercourses\jobs\portofolio\fyp\parking_detection_sample_7\book_algorithm_1\debug\link.3576-cvtres.write.1.tlog
d:\mastercourses\jobs\portofolio\fyp\parking_detection_sample_7\book_algorithm_1\debug\link.3576.read.1.tlog
d:\mastercourses\jobs\portofolio\fyp\parking_detection_sample_7\book_algorithm_1\debug\link.3576.write.1.tlog
d:\mastercourses\jobs\portofolio\fyp\parking_detection_sample_7\book_algorithm_1\debug\link.3672-cvtres.read.1.tlog
d:\mastercourses\jobs\portofolio\fyp\parking_detection_sample_7\book_algorithm_1\debug\link.3672-cvtres.write.1.tlog
d:\mastercourses\jobs\portofolio\fyp\parking_detection_sample_7\book_algorithm_1\debug\link.3672.read.1.tlog
d:\mastercourses\jobs\portofolio\fyp\parking_detection_sample_7\book_algorithm_1\debug\link.3672.write.1.tlog
d:\mastercourses\jobs\portofolio\fyp\parking_detection_sample_7\book_algorithm_1\debug\link.3776-cvtres.read.1.tlog
d:\mastercourses\jobs\portofolio\fyp\parking_detection_sample_7\book_algorithm_1\debug\link.3776-cvtres.write.1.tlog
d:\mastercourses\jobs\portofolio\fyp\parking_detection_sample_7\book_algorithm_1\debug\link.3776.read.1.tlog
d:\mastercourses\jobs\portofolio\fyp\parking_detection_sample_7\book_algorithm_1\debug\link.3776.write.1.tlog
d:\mastercourses\jobs\portofolio\fyp\parking_detection_sample_7\book_algorithm_1\debug\link.3780-cvtres.read.1.tlog
d:\mastercourses\jobs\portofolio\fyp\parking_detection_sample_7\book_algorithm_1\debug\link.3780-cvtres.write.1.tlog
d:\mastercourses\jobs\portofolio\fyp\parking_detection_sample_7\book_algorithm_1\debug\link.3780.read.1.tlog
d:\mastercourses\jobs\portofolio\fyp\parking_detection_sample_7\book_algorithm_1\debug\link.3780.write.1.tlog
d:\mastercourses\jobs\portofolio\fyp\parking_detection_sample_7\book_algorithm_1\debug\link.3912-cvtres.read.1.tlog
d:\mastercourses\jobs\portofolio\fyp\parking_detection_sample_7\book_algorithm_1\debug\link.3912-cvtres.write.1.tlog
d:\mastercourses\jobs\portofolio\fyp\parking_detection_sample_7\book_algorithm_1\debug\link.3912.read.1.tlog
d:\mastercourses\jobs\portofolio\fyp\parking_detection_sample_7\book_algorithm_1\debug\link.3912.write.1.tlog
d:\mastercourses\jobs\portofolio\fyp\parking_detection_sample_7\book_algorithm_1\debug\link.3940-cvtres.read.1.tlog
d:\mastercourses\jobs\portofolio\fyp\parking_detection_sample_7\book_algorithm_1\debug\link.3940-cvtres.write.1.tlog
d:\mastercourses\jobs\portofolio\fyp\parking_detection_sample_7\book_algorithm_1\debug\link.3940.read.1.tlog
d:\mastercourses\jobs\portofolio\fyp\parking_detection_sample_7\book_algorithm_1\debug\link.3940.write.1.tlog
d:\mastercourses\jobs\portofolio\fyp\parking_detection_sample_7\book_algorithm_1\debug\link.3944-cvtres.read.1.tlog
d:\mastercourses\jobs\portofolio\fyp\parking_detection_sample_7\book_algorithm_1\debug\link.3944-cvtres.write.1.tlog
d:\mastercourses\jobs\portofolio\fyp\parking_detection_sample_7\book_algorithm_1\debug\link.3944.read.1.tlog
d:\mastercourses\jobs\portofolio\fyp\parking_detection_sample_7\book_algorithm_1\debug\link.3944.write.1.tlog
d:\mastercourses\jobs\portofolio\fyp\parking_detection_sample_7\book_algorithm_1\debug\link.3984-cvtres.read.1.tlog
d:\mastercourses\jobs\portofolio\fyp\parking_detection_sample_7\book_algorithm_1\debug\link.3984-cvtres.write.1.tlog
d:\mastercourses\jobs\portofolio\fyp\parking_detection_sample_7\book_algorithm_1\debug\link.3984.read.1.tlog
d:\mastercourses\jobs\portofolio\fyp\parking_detection_sample_7\book_algorithm_1\debug\link.3984.write.1.tlog
d:\mastercourses\jobs\portofolio\fyp\parking_detection_sample_7\book_algorithm_1\debug\link.4056-cvtres.read.1.tlog
d:\mastercourses\jobs\portofolio\fyp\parking_detection_sample_7\book_algorithm_1\debug\link.4056-cvtres.write.1.tlog
d:\mastercourses\jobs\portofolio\fyp\parking_detection_sample_7\book_algorithm_1\debug\link.4056.read.1.tlog
d:\mastercourses\jobs\portofolio\fyp\parking_detection_sample_7\book_algorithm_1\debug\link.4056.write.1.tlog
d:\mastercourses\jobs\portofolio\fyp\parking_detection_sample_7\book_algorithm_1\debug\link.4132-cvtres.read.1.tlog
d:\mastercourses\jobs\portofolio\fyp\parking_detection_sample_7\book_algorithm_1\debug\link.4132-cvtres.write.1.tlog
d:\mastercourses\jobs\portofolio\fyp\parking_detection_sample_7\book_algorithm_1\debug\link.4132.read.1.tlog
d:\mastercourses\jobs\portofolio\fyp\parking_detection_sample_7\book_algorithm_1\debug\link.4132.write.1.tlog
d:\mastercourses\jobs\portofolio\fyp\parking_detection_sample_7\book_algorithm_1\debug\link.4196-cvtres.read.1.tlog
d:\mastercourses\jobs\portofolio\fyp\parking_detection_sample_7\book_algorithm_1\debug\link.4196-cvtres.write.1.tlog
d:\mastercourses\jobs\portofolio\fyp\parking_detection_sample_7\book_algorithm_1\debug\link.4196.read.1.tlog
d:\mastercourses\jobs\portofolio\fyp\parking_detection_sample_7\book_algorithm_1\debug\link.4196.write.1.tlog
d:\mastercourses\jobs\portofolio\fyp\parking_detection_sample_7\book_algorithm_1\debug\link.4296-cvtres.read.1.tlog
d:\mastercourses\jobs\portofolio\fyp\parking_detection_sample_7\book_algorithm_1\debug\link.4296-cvtres.write.1.tlog
d:\mastercourses\jobs\portofolio\fyp\parking_detection_sample_7\book_algorithm_1\debug\link.4296.read.1.tlog
d:\mastercourses\jobs\portofolio\fyp\parking_detection_sample_7\book_algorithm_1\debug\link.4296.write.1.tlog
d:\mastercourses\jobs\portofolio\fyp\parking_detection_sample_7\book_algorithm_1\debug\link.4352-cvtres.read.1.tlog
d:\mastercourses\jobs\portofolio\fyp\parking_detection_sample_7\book_algorithm_1\debug\link.4352-cvtres.write.1.tlog
d:\mastercourses\jobs\portofolio\fyp\parking_detection_sample_7\book_algorithm_1\debug\link.4352.read.1.tlog
d:\mastercourses\jobs\portofolio\fyp\parking_detection_sample_7\book_algorithm_1\debug\link.4352.write.1.tlog
d:\mastercourses\jobs\portofolio\fyp\parking_detection_sample_7\book_algorithm_1\debug\link.4412-cvtres.read.1.tlog
d:\mastercourses\jobs\portofolio\fyp\parking_detection_sample_7\book_algorithm_1\debug\link.4412-cvtres.write.1.tlog
d:\mastercourses\jobs\portofolio\fyp\parking_detection_sample_7\book_algorithm_1\debug\link.4412.read.1.tlog
d:\mastercourses\jobs\portofolio\fyp\parking_detection_sample_7\book_algorithm_1\debug\link.4412.write.1.tlog
d:\mastercourses\jobs\portofolio\fyp\parking_detection_sample_7\book_algorithm_1\debug\link.4424-cvtres.read.1.tlog
d:\mastercourses\jobs\portofolio\fyp\parking_detection_sample_7\book_algorithm_1\debug\link.4424-cvtres.write.1.tlog
d:\mastercourses\jobs\portofolio\fyp\parking_detection_sample_7\book_algorithm_1\debug\link.4424.read.1.tlog
d:\mastercourses\jobs\portofolio\fyp\parking_detection_sample_7\book_algorithm_1\debug\link.4424.write.1.tlog
d:\mastercourses\jobs\portofolio\fyp\parking_detection_sample_7\book_algorithm_1\debug\link.4464-cvtres.read.1.tlog
d:\mastercourses\jobs\portofolio\fyp\parking_detection_sample_7\book_algorithm_1\debug\link.4464-cvtres.write.1.tlog
d:\mastercourses\jobs\portofolio\fyp\parking_detection_sample_7\book_algorithm_1\debug\link.4464.read.1.tlog
d:\mastercourses\jobs\portofolio\fyp\parking_detection_sample_7\book_algorithm_1\debug\link.4464.write.1.tlog
d:\mastercourses\jobs\portofolio\fyp\parking_detection_sample_7\book_algorithm_1\debug\link.4484-cvtres.read.1.tlog
d:\mastercourses\jobs\portofolio\fyp\parking_detection_sample_7\book_algorithm_1\debug\link.4484-cvtres.write.1.tlog
d:\mastercourses\jobs\portofolio\fyp\parking_detection_sample_7\book_algorithm_1\debug\link.4484.read.1.tlog
d:\mastercourses\jobs\portofolio\fyp\parking_detection_sample_7\book_algorithm_1\debug\link.4484.write.1.tlog
d:\mastercourses\jobs\portofolio\fyp\parking_detection_sample_7\book_algorithm_1\debug\link.4516-cvtres.read.1.tlog
d:\mastercourses\jobs\portofolio\fyp\parking_detection_sample_7\book_algorithm_1\debug\link.4516-cvtres.write.1.tlog
d:\mastercourses\jobs\portofolio\fyp\parking_detection_sample_7\book_algorithm_1\debug\link.4516.read.1.tlog
d:\mastercourses\jobs\portofolio\fyp\parking_detection_sample_7\book_algorithm_1\debug\link.4516.write.1.tlog
d:\mastercourses\jobs\portofolio\fyp\parking_detection_sample_7\book_algorithm_1\debug\link.4600-cvtres.read.1.tlog
d:\mastercourses\jobs\portofolio\fyp\parking_detection_sample_7\book_algorithm_1\debug\link.4600-cvtres.write.1.tlog
d:\mastercourses\jobs\portofolio\fyp\parking_detection_sample_7\book_algorithm_1\debug\link.4600.read.1.tlog
d:\mastercourses\jobs\portofolio\fyp\parking_detection_sample_7\book_algorithm_1\debug\link.4600.write.1.tlog
d:\mastercourses\jobs\portofolio\fyp\parking_detection_sample_7\book_algorithm_1\debug\link.4696-cvtres.read.1.tlog
d:\mastercourses\jobs\portofolio\fyp\parking_detection_sample_7\book_algorithm_1\debug\link.4696-cvtres.write.1.tlog
d:\mastercourses\jobs\portofolio\fyp\parking_detection_sample_7\book_algorithm_1\debug\link.4696.read.1.tlog
d:\mastercourses\jobs\portofolio\fyp\parking_detection_sample_7\book_algorithm_1\debug\link.4696.write.1.tlog
d:\mastercourses\jobs\portofolio\fyp\parking_detection_sample_7\book_algorithm_1\debug\link.4776-cvtres.read.1.tlog
d:\mastercourses\jobs\portofolio\fyp\parking_detection_sample_7\book_algorithm_1\debug\link.4776-cvtres.write.1.tlog
d:\mastercourses\jobs\portofolio\fyp\parking_detection_sample_7\book_algorithm_1\debug\link.4776.read.1.tlog
d:\mastercourses\jobs\portofolio\fyp\parking_detection_sample_7\book_algorithm_1\debug\link.4776.write.1.tlog
d:\mastercourses\jobs\portofolio\fyp\parking_detection_sample_7\book_algorithm_1\debug\link.4804-cvtres.read.1.tlog
d:\mastercourses\jobs\portofolio\fyp\parking_detection_sample_7\book_algorithm_1\debug\link.4804-cvtres.write.1.tlog
d:\mastercourses\jobs\portofolio\fyp\parking_detection_sample_7\book_algorithm_1\debug\link.4804.read.1.tlog
d:\mastercourses\jobs\portofolio\fyp\parking_detection_sample_7\book_algorithm_1\debug\link.4804.write.1.tlog
d:\mastercourses\jobs\portofolio\fyp\parking_detection_sample_7\book_algorithm_1\debug\link.4824-cvtres.read.1.tlog
d:\mastercourses\jobs\portofolio\fyp\parking_detection_sample_7\book_algorithm_1\debug\link.4824-cvtres.write.1.tlog
d:\mastercourses\jobs\portofolio\fyp\parking_detection_sample_7\book_algorithm_1\debug\link.4824.read.1.tlog
d:\mastercourses\jobs\portofolio\fyp\parking_detection_sample_7\book_algorithm_1\debug\link.4824.write.1.tlog
d:\mastercourses\jobs\portofolio\fyp\parking_detection_sample_7\book_algorithm_1\debug\link.4876-cvtres.read.1.tlog
d:\mastercourses\jobs\portofolio\fyp\parking_detection_sample_7\book_algorithm_1\debug\link.4876-cvtres.write.1.tlog
d:\mastercourses\jobs\portofolio\fyp\parking_detection_sample_7\book_algorithm_1\debug\link.4876.read.1.tlog
d:\mastercourses\jobs\portofolio\fyp\parking_detection_sample_7\book_algorithm_1\debug\link.4876.write.1.tlog
d:\mastercourses\jobs\portofolio\fyp\parking_detection_sample_7\book_algorithm_1\debug\link.488-cvtres.read.1.tlog
d:\mastercourses\jobs\portofolio\fyp\parking_detection_sample_7\book_algorithm_1\debug\link.488-cvtres.write.1.tlog
d:\mastercourses\jobs\portofolio\fyp\parking_detection_sample_7\book_algorithm_1\debug\link.488.read.1.tlog
d:\mastercourses\jobs\portofolio\fyp\parking_detection_sample_7\book_algorithm_1\debug\link.488.write.1.tlog
d:\mastercourses\jobs\portofolio\fyp\parking_detection_sample_7\book_algorithm_1\debug\link.4964-cvtres.read.1.tlog
d:\mastercourses\jobs\portofolio\fyp\parking_detection_sample_7\book_algorithm_1\debug\link.4964-cvtres.write.1.tlog
d:\mastercourses\jobs\portofolio\fyp\parking_detection_sample_7\book_algorithm_1\debug\link.4964.read.1.tlog
d:\mastercourses\jobs\portofolio\fyp\parking_detection_sample_7\book_algorithm_1\debug\link.4964.write.1.tlog
d:\mastercourses\jobs\portofolio\fyp\parking_detection_sample_7\book_algorithm_1\debug\link.5032-cvtres.read.1.tlog
d:\mastercourses\jobs\portofolio\fyp\parking_detection_sample_7\book_algorithm_1\debug\link.5032-cvtres.write.1.tlog
d:\mastercourses\jobs\portofolio\fyp\parking_detection_sample_7\book_algorithm_1\debug\link.5032.read.1.tlog
d:\mastercourses\jobs\portofolio\fyp\parking_detection_sample_7\book_algorithm_1\debug\link.5032.write.1.tlog
d:\mastercourses\jobs\portofolio\fyp\parking_detection_sample_7\book_algorithm_1\debug\link.5080-cvtres.read.1.tlog
d:\mastercourses\jobs\portofolio\fyp\parking_detection_sample_7\book_algorithm_1\debug\link.5080-cvtres.write.1.tlog
d:\mastercourses\jobs\portofolio\fyp\parking_detection_sample_7\book_algorithm_1\debug\link.5080.read.1.tlog
d:\mastercourses\jobs\portofolio\fyp\parking_detection_sample_7\book_algorithm_1\debug\link.5080.write.1.tlog
d:\mastercourses\jobs\portofolio\fyp\parking_detection_sample_7\book_algorithm_1\debug\link.5136-cvtres.read.1.tlog
d:\mastercourses\jobs\portofolio\fyp\parking_detection_sample_7\book_algorithm_1\debug\link.5136-cvtres.write.1.tlog
d:\mastercourses\jobs\portofolio\fyp\parking_detection_sample_7\book_algorithm_1\debug\link.5136.read.1.tlog
d:\mastercourses\jobs\portofolio\fyp\parking_detection_sample_7\book_algorithm_1\debug\link.5136.write.1.tlog
d:\mastercourses\jobs\portofolio\fyp\parking_detection_sample_7\book_algorithm_1\debug\link.5264-cvtres.read.1.tlog
d:\mastercourses\jobs\portofolio\fyp\parking_detection_sample_7\book_algorithm_1\debug\link.5264-cvtres.write.1.tlog
d:\mastercourses\jobs\portofolio\fyp\parking_detection_sample_7\book_algorithm_1\debug\link.5264.read.1.tlog
d:\mastercourses\jobs\portofolio\fyp\parking_detection_sample_7\book_algorithm_1\debug\link.5264.write.1.tlog
d:\mastercourses\jobs\portofolio\fyp\parking_detection_sample_7\book_algorithm_1\debug\link.5428-cvtres.read.1.tlog
d:\mastercourses\jobs\portofolio\fyp\parking_detection_sample_7\book_algorithm_1\debug\link.5428-cvtres.write.1.tlog
d:\mastercourses\jobs\portofolio\fyp\parking_detection_sample_7\book_algorithm_1\debug\link.5428.read.1.tlog
d:\mastercourses\jobs\portofolio\fyp\parking_detection_sample_7\book_algorithm_1\debug\link.5428.write.1.tlog
d:\mastercourses\jobs\portofolio\fyp\parking_detection_sample_7\book_algorithm_1\debug\link.5432-cvtres.read.1.tlog
d:\mastercourses\jobs\portofolio\fyp\parking_detection_sample_7\book_algorithm_1\debug\link.5432-cvtres.write.1.tlog
d:\mastercourses\jobs\portofolio\fyp\parking_detection_sample_7\book_algorithm_1\debug\link.5432.read.1.tlog
d:\mastercourses\jobs\portofolio\fyp\parking_detection_sample_7\book_algorithm_1\debug\link.5432.write.1.tlog
d:\mastercourses\jobs\portofolio\fyp\parking_detection_sample_7\book_algorithm_1\debug\link.5496-cvtres.read.1.tlog
d:\mastercourses\jobs\portofolio\fyp\parking_detection_sample_7\book_algorithm_1\debug\link.5496-cvtres.write.1.tlog
d:\mastercourses\jobs\portofolio\fyp\parking_detection_sample_7\book_algorithm_1\debug\link.5496.read.1.tlog
d:\mastercourses\jobs\portofolio\fyp\parking_detection_sample_7\book_algorithm_1\debug\link.5496.write.1.tlog
d:\mastercourses\jobs\portofolio\fyp\parking_detection_sample_7\book_algorithm_1\debug\link.5660-cvtres.read.1.tlog
d:\mastercourses\jobs\portofolio\fyp\parking_detection_sample_7\book_algorithm_1\debug\link.5660-cvtres.write.1.tlog
d:\mastercourses\jobs\portofolio\fyp\parking_detection_sample_7\book_algorithm_1\debug\link.5660.read.1.tlog
d:\mastercourses\jobs\portofolio\fyp\parking_detection_sample_7\book_algorithm_1\debug\link.5660.write.1.tlog
d:\mastercourses\jobs\portofolio\fyp\parking_detection_sample_7\book_algorithm_1\debug\link.5832-cvtres.read.1.tlog
d:\mastercourses\jobs\portofolio\fyp\parking_detection_sample_7\book_algorithm_1\debug\link.5832-cvtres.write.1.tlog
d:\mastercourses\jobs\portofolio\fyp\parking_detection_sample_7\book_algorithm_1\debug\link.5832.read.1.tlog
d:\mastercourses\jobs\portofolio\fyp\parking_detection_sample_7\book_algorithm_1\debug\link.5832.write.1.tlog
d:\mastercourses\jobs\portofolio\fyp\parking_detection_sample_7\book_algorithm_1\debug\link.5984-cvtres.read.1.tlog
d:\mastercourses\jobs\portofolio\fyp\parking_detection_sample_7\book_algorithm_1\debug\link.5984-cvtres.write.1.tlog
d:\mastercourses\jobs\portofolio\fyp\parking_detection_sample_7\book_algorithm_1\debug\link.5984.read.1.tlog
d:\mastercourses\jobs\portofolio\fyp\parking_detection_sample_7\book_algorithm_1\debug\link.5984.write.1.tlog
d:\mastercourses\jobs\portofolio\fyp\parking_detection_sample_7\book_algorithm_1\debug\link.6112-cvtres.read.1.tlog
d:\mastercourses\jobs\portofolio\fyp\parking_detection_sample_7\book_algorithm_1\debug\link.6112-cvtres.write.1.tlog
d:\mastercourses\jobs\portofolio\fyp\parking_detection_sample_7\book_algorithm_1\debug\link.6112.read.1.tlog
d:\mastercourses\jobs\portofolio\fyp\parking_detection_sample_7\book_algorithm_1\debug\link.6112.write.1.tlog
d:\mastercourses\jobs\portofolio\fyp\parking_detection_sample_7\book_algorithm_1\debug\link.6124-cvtres.read.1.tlog
d:\mastercourses\jobs\portofolio\fyp\parking_detection_sample_7\book_algorithm_1\debug\link.6124-cvtres.write.1.tlog
d:\mastercourses\jobs\portofolio\fyp\parking_detection_sample_7\book_algorithm_1\debug\link.6124.read.1.tlog
d:\mastercourses\jobs\portofolio\fyp\parking_detection_sample_7\book_algorithm_1\debug\link.6124.write.1.tlog
d:\mastercourses\jobs\portofolio\fyp\parking_detection_sample_7\book_algorithm_1\debug\link.6472-cvtres.read.1.tlog
d:\mastercourses\jobs\portofolio\fyp\parking_detection_sample_7\book_algorithm_1\debug\link.6472-cvtres.write.1.tlog
d:\mastercourses\jobs\portofolio\fyp\parking_detection_sample_7\book_algorithm_1\debug\link.6472.read.1.tlog
d:\mastercourses\jobs\portofolio\fyp\parking_detection_sample_7\book_algorithm_1\debug\link.6472.write.1.tlog
d:\mastercourses\jobs\portofolio\fyp\parking_detection_sample_7\book_algorithm_1\debug\link.7712-cvtres.read.1.tlog
d:\mastercourses\jobs\portofolio\fyp\parking_detection_sample_7\book_algorithm_1\debug\link.7712-cvtres.write.1.tlog
d:\mastercourses\jobs\portofolio\fyp\parking_detection_sample_7\book_algorithm_1\debug\link.7712.read.1.tlog
d:\mastercourses\jobs\portofolio\fyp\parking_detection_sample_7\book_algorithm_1\debug\link.7712.write.1.tlog
d:\mastercourses\jobs\portofolio\fyp\parking_detection_sample_7\book_algorithm_1\debug\link.8116-cvtres.read.1.tlog
d:\mastercourses\jobs\portofolio\fyp\parking_detection_sample_7\book_algorithm_1\debug\link.8116-cvtres.write.1.tlog
d:\mastercourses\jobs\portofolio\fyp\parking_detection_sample_7\book_algorithm_1\debug\link.8116.read.1.tlog
d:\mastercourses\jobs\portofolio\fyp\parking_detection_sample_7\book_algorithm_1\debug\link.8116.write.1.tlog
d:\mastercourses\jobs\portofolio\fyp\parking_detection_sample_7\book_algorithm_1\debug\link.command.1.tlog
d:\mastercourses\jobs\portofolio\fyp\parking_detection_sample_7\book_algorithm_1\debug\link.read.1.tlog
d:\mastercourses\jobs\portofolio\fyp\parking_detection_sample_7\book_algorithm_1\debug\link.write.1.tlog
d:\mastercourses\jobs\portofolio\fyp\parking_detection_sample_7\book_algorithm_1\debug\mt.command.1.tlog
d:\mastercourses\jobs\portofolio\fyp\parking_detection_sample_7\book_algorithm_1\debug\mt.read.1.tlog
d:\mastercourses\jobs\portofolio\fyp\parking_detection_sample_7\book_algorithm_1\debug\mt.write.1.tlog
d:\mastercourses\jobs\portofolio\fyp\parking_detection_sample_7\book_algorithm_1\debug\rc.command.1.tlog
d:\mastercourses\jobs\portofolio\fyp\parking_detection_sample_7\book_algorithm_1\debug\rc.read.1.tlog
d:\mastercourses\jobs\portofolio\fyp\parking_detection_sample_7\book_algorithm_1\debug\rc.write.1.tlog
d:\mastercourses\jobs\portofolio\fyp\parking_detection_sample_7\book_algorithm_1\debug\book_algorithm_1.exe.embed.manifest
d:\mastercourses\jobs\portofolio\fyp\parking_detection_sample_7\book_algorithm_1\debug\book_algorithm_1.exe.intermediate.manifest
d:\mastercourses\jobs\portofolio\fyp\parking_detection_sample_7\book_algorithm_1\debug\book_algorithm_3.exe.embed.manifest
d:\mastercourses\jobs\portofolio\fyp\parking_detection_sample_7\book_algorithm_1\debug\book_algorithm_3.exe.intermediate.manifest
d:\mastercourses\jobs\portofolio\fyp\parking_detection_sample_7\book_algorithm_1\debug\book_algorithm_4.exe.embed.manifest
d:\mastercourses\jobs\portofolio\fyp\parking_detection_sample_7\book_algorithm_1\debug\book_algorithm_4.exe.intermediate.manifest
d:\mastercourses\jobs\portofolio\fyp\parking_detection_sample_7\book_algorithm_1\debug\illegal_parking_detection.exe.embed.manifest
d:\mastercourses\jobs\portofolio\fyp\parking_detection_sample_7\book_algorithm_1\debug\illegal_parking_detection.exe.intermediate.manifest
d:\mastercourses\jobs\portofolio\fyp\parking_detection_sample_7\book_algorithm_1\debug\book_algorithm_1.exe.embed.manifest.res
d:\mastercourses\jobs\portofolio\fyp\parking_detection_sample_7\book_algorithm_1\debug\book_algorithm_3.exe.embed.manifest.res
d:\mastercourses\jobs\portofolio\fyp\parking_detection_sample_7\book_algorithm_1\debug\book_algorithm_4.exe.embed.manifest.res
d:\mastercourses\jobs\portofolio\fyp\parking_detection_sample_7\book_algorithm_1\debug\illegal_parking_detection.exe.embed.manifest.res
d:\mastercourses\jobs\portofolio\fyp\parking_detection_sample_7\book_algorithm_1\debug\book_algorithm_1.pch
d:\mastercourses\jobs\portofolio\fyp\parking_detection_sample_7\book_algorithm_1\debug\book_algorithm_3.pch
d:\mastercourses\jobs\portofolio\fyp\parking_detection_sample_7\book_algorithm_1\debug\book_algorithm_4.pch
d:\mastercourses\jobs\portofolio\fyp\parking_detection_sample_7\book_algorithm_1\debug\vc100.idb
d:\mastercourses\jobs\portofolio\fyp\parking_detection_sample_7\book_algorithm_1\debug\vc100.pdb
d:\mastercourses\jobs\portofolio\fyp\parking_detection_sample_7\book_algorithm_1\debug\book_algorithm_1_manifest.rc
d:\mastercourses\jobs\portofolio\fyp\parking_detection_sample_7\book_algorithm_1\debug\book_algorithm_3_manifest.rc
d:\mastercourses\jobs\portofolio\fyp\parking_detection_sample_7\book_algorithm_1\debug\book_algorithm_4_manifest.rc
d:\mastercourses\jobs\portofolio\fyp\parking_detection_sample_7\book_algorithm_1\debug\illegal_parking_detection_manifest.rc
d:\mastercourses\jobs\portofolio\fyp\parking_detection_sample_7\book_algorithm_1\debug\illegal_.61f337df.tlog\cl.command.1.tlog
d:\mastercourses\jobs\portofolio\fyp\parking_detection_sample_7\book_algorithm_1\debug\illegal_.61f337df.tlog\cl.read.1.tlog
d:\mastercourses\jobs\portofolio\fyp\parking_detection_sample_7\book_algorithm_1\debug\illegal_.61f337df.tlog\cl.write.1.tlog
d:\mastercourses\jobs\portofolio\fyp\parking_detection_sample_7\book_algorithm_1\debug\illegal_.61f337df.tlog\link-cvtres.read.1.tlog
d:\mastercourses\jobs\portofolio\fyp\parking_detection_sample_7\book_algorithm_1\debug\illegal_.61f337df.tlog\link-cvtres.write.1.tlog
d:\mastercourses\jobs\portofolio\fyp\parking_detection_sample_7\book_algorithm_1\debug\illegal_.61f337df.tlog\link-rc.read.1.tlog
d:\mastercourses\jobs\portofolio\fyp\parking_detection_sample_7\book_algorithm_1\debug\illegal_.61f337df.tlog\link-rc.write.1.tlog
d:\mastercourses\jobs\portofolio\fyp\parking_detection_sample_7\book_algorithm_1\debug\illegal_.61f337df.tlog\link.command.1.tlog
d:\mastercourses\jobs\portofolio\fyp\parking_detection_sample_7\book_algorithm_1\debug\illegal_.61f337df.tlog\link.read.1.tlog
d:\mastercourses\jobs\portofolio\fyp\parking_detection_sample_7\book_algorithm_1\debug\illegal_.61f337df.tlog\link.write.1.tlog
